Arguments: 
  D:\progs\nodejs\node.exe C:\Program Files (x86)\Yarn\bin\yarn.js main

PATH: 
  C:\ProgramData\Oracle\Java\javapath;C:\windows\system32;C:\windows;C:\windows\System32\Wbem;C:\windows\System32\WindowsPowerShell\v1.0\;C:\Program Files\Git\cmd;C:\Program Files\TortoiseGit\bin;D:\progs\apache-ant-1.10.1\bin;D:\progs\nodejs\;D:\progs\Ruby24-x64\bin;C:\Program Files (x86)\Yarn\bin;C:\mingw\bin;E:\progs\Ruby24-x64\bin;C:\Users\Ramamurthi.A\AppData\Local\Microsoft\WindowsApps;D:\progs\ASF\httpd-2.4.29-Win64-VC15\Apache24\bin;D:\progs\ASF\apache-tomcat-8.5.16\bin;C:\Users\Ramamurthi.A\AppData\Roaming\npm;C:\Users\Ramamurthi.A\AppData\Local\Yarn\bin

Yarn version: 
  1.3.2

Node version: 
  8.9.1

Platform: 
  win32 x64

npm manifest: 
  {
    "name": "workout",
    "version": "1.0.0",
    "description": "try",
    "main": "test.js",
    "scripts": {
      "test": "node test",
      "main": "node main",
    },
    "keywords": [
      "rama"
    ],
    "author": "rama",
    "license": "ISC",
    "dependencies": {},
    "devDependencies": {
      "eslint": "^4.19.1",
      "eslint-plugin-react": "^7.9.1"
    }
  }

yarn manifest: 
  No manifest

Lockfile: 
  No lockfile

Trace: 
  SyntaxError: D:\Git\workout\package.json: Unexpected token } in JSON at position 157
      at JSON.parse (<anonymous>)
      at C:\Program Files (x86)\Yarn\lib\cli.js:770:59
      at Generator.next (<anonymous>)
      at step (C:\Program Files (x86)\Yarn\lib\cli.js:92:30)
      at C:\Program Files (x86)\Yarn\lib\cli.js:103:13
      at <anonymous>
